<?xml version="1.0" encoding="UTF-8"?>
<!-- Generated by org.testng.reporters.JUnitReportReporter -->
<testsuite hostname="DESKTOP-IHEU94V" failures="0" tests="1" name="Propertyfiles24.property123" time="0.012" errors="0" timestamp="2023-06-22T10:53:49 IST" skipped="0">
  <testcase classname="Propertyfiles24.property123" name="test1" time="0.012"/>
</testsuite> <!-- Propertyfiles24.property123 -->
